{
  "/Users/tward/Desktop/Coding/aio-app-hub/feedback-app-be/app.ts": {
    "path": "/Users/tward/Desktop/Coding/aio-app-hub/feedback-app-be/app.ts",
    "statementMap": {
      "0": {
        "start": { "line": 1, "column": 0 },
        "end": { "line": 1, "column": 30 }
      },
      "1": {
        "start": { "line": 2, "column": 0 },
        "end": { "line": 2, "column": 24 }
      },
      "2": {
        "start": { "line": 3, "column": 0 },
        "end": { "line": 3, "column": 44 }
      },
      "3": {
        "start": { "line": 5, "column": 12 },
        "end": { "line": 5, "column": 21 }
      },
      "4": {
        "start": { "line": 6, "column": 0 },
        "end": { "line": 6, "column": null }
      },
      "5": {
        "start": { "line": 12, "column": 0 },
        "end": { "line": 12, "column": 35 }
      },
      "6": {
        "start": { "line": 14, "column": 0 },
        "end": { "line": 14, "column": 16 }
      },
      "7": {
        "start": { "line": 15, "column": 0 },
        "end": { "line": 15, "column": 24 }
      },
      "8": {
        "start": { "line": 17, "column": 0 },
        "end": { "line": 19, "column": 3 }
      },
      "9": {
        "start": { "line": 18, "column": 2 },
        "end": { "line": 18, "column": 55 }
      },
      "10": {
        "start": { "line": 21, "column": 0 },
        "end": { "line": 79, "column": 3 }
      },
      "11": {
        "start": { "line": 21, "column": 57 },
        "end": { "line": 79, "column": 2 }
      },
      "12": {
        "start": { "line": 22, "column": 20 },
        "end": { "line": 22, "column": 36 }
      },
      "13": {
        "start": { "line": 23, "column": 20 },
        "end": { "line": 23, "column": 44 }
      },
      "14": {
        "start": { "line": 25, "column": 2 },
        "end": { "line": 78, "column": 3 }
      },
      "15": {
        "start": { "line": 27, "column": 21 },
        "end": { "line": 27, "column": 68 }
      },
      "16": {
        "start": { "line": 28, "column": 24 },
        "end": { "line": 28, "column": 77 }
      },
      "17": {
        "start": { "line": 31, "column": 20 },
        "end": { "line": 31, "column": 45 }
      },
      "18": {
        "start": { "line": 32, "column": 27 },
        "end": { "line": 33, "column": null }
      },
      "19": {
        "start": { "line": 37, "column": 23 },
        "end": { "line": 60, "column": 6 }
      },
      "20": {
        "start": { "line": 61, "column": 4 },
        "end": { "line": 61, "column": 37 }
      },
      "21": {
        "start": { "line": 63, "column": 4 },
        "end": { "line": 63, "column": 64 }
      },
      "22": {
        "start": { "line": 66, "column": 20 },
        "end": { "line": 66, "column": 45 }
      },
      "23": {
        "start": { "line": 67, "column": 27 },
        "end": { "line": 68, "column": null }
      },
      "24": {
        "start": { "line": 71, "column": 4 },
        "end": { "line": 77, "column": 7 }
      },
      "25": {
        "start": { "line": 81, "column": 0 },
        "end": { "line": 81, "column": 27 }
      },
      "26": {
        "start": { "line": 82, "column": 0 },
        "end": { "line": 82, "column": 37 }
      },
      "27": {
        "start": { "line": 83, "column": 0 },
        "end": { "line": 83, "column": 26 }
      },
      "28": {
        "start": { "line": 84, "column": 0 },
        "end": { "line": 84, "column": 28 }
      },
      "29": {
        "start": { "line": 85, "column": 0 },
        "end": { "line": 85, "column": 28 }
      },
      "30": {
        "start": { "line": 87, "column": 0 },
        "end": { "line": 87, "column": 19 }
      }
    },
    "fnMap": {
      "0": {
        "name": "(anonymous_8)",
        "decl": {
          "start": { "line": 17, "column": 13 },
          "end": { "line": 17, "column": 14 }
        },
        "loc": {
          "start": { "line": 17, "column": 26 },
          "end": { "line": 19, "column": 1 }
        }
      },
      "1": {
        "name": "(anonymous_9)",
        "decl": {
          "start": { "line": 21, "column": 19 },
          "end": { "line": 21, "column": 26 }
        },
        "loc": {
          "start": { "line": 21, "column": 57 },
          "end": { "line": 79, "column": 2 }
        }
      },
      "2": {
        "name": "(anonymous_10)",
        "decl": {
          "start": { "line": 21, "column": 57 },
          "end": { "line": 21, "column": null }
        },
        "loc": {
          "start": { "line": 21, "column": 57 },
          "end": { "line": 79, "column": 1 }
        }
      }
    },
    "branchMap": {
      "0": {
        "loc": {
          "start": { "line": 28, "column": 24 },
          "end": { "line": 28, "column": 77 }
        },
        "type": "binary-expr",
        "locations": [
          {
            "start": { "line": 28, "column": 24 },
            "end": { "line": 28, "column": 32 }
          },
          {
            "start": { "line": 28, "column": 36 },
            "end": { "line": 28, "column": 49 }
          },
          {
            "start": { "line": 28, "column": 53 },
            "end": { "line": 28, "column": 77 }
          }
        ]
      },
      "1": {
        "loc": {
          "start": { "line": 42, "column": 21 },
          "end": { "line": 42, "column": 58 }
        },
        "type": "binary-expr",
        "locations": [
          {
            "start": { "line": 42, "column": 21 },
            "end": { "line": 42, "column": 41 }
          },
          {
            "start": { "line": 42, "column": 45 },
            "end": { "line": 42, "column": 58 }
          }
        ]
      },
      "2": {
        "loc": {
          "start": { "line": 75, "column": 13 },
          "end": { "line": 75, "column": 69 }
        },
        "type": "cond-expr",
        "locations": [
          {
            "start": { "line": 75, "column": 38 },
            "end": { "line": 75, "column": 51 }
          },
          {
            "start": { "line": 75, "column": 54 },
            "end": { "line": 75, "column": 69 }
          }
        ]
      }
    },
    "s": {
      "0": 1,
      "1": 1,
      "2": 1,
      "3": 1,
      "4": 1,
      "5": 1,
      "6": 1,
      "7": 1,
      "8": 1,
      "9": 1,
      "10": 1,
      "11": 1,
      "12": 1,
      "13": 1,
      "14": 1,
      "15": 1,
      "16": 1,
      "17": 1,
      "18": 1,
      "19": 1,
      "20": 1,
      "21": 0,
      "22": 0,
      "23": 0,
      "24": 0,
      "25": 1,
      "26": 1,
      "27": 1,
      "28": 1,
      "29": 1,
      "30": 1
    },
    "f": { "0": 1, "1": 1, "2": 1 },
    "b": { "0": [1, 1, 1], "1": [1, 0], "2": [0, 0] }
  },
  "/Users/tward/Desktop/Coding/aio-app-hub/feedback-app-be/controllers/apps-controller.ts": {
    "path": "/Users/tward/Desktop/Coding/aio-app-hub/feedback-app-be/controllers/apps-controller.ts",
    "statementMap": {
      "0": {
        "start": { "line": 2, "column": 0 },
        "end": { "line": 2, "column": null }
      },
      "1": {
        "start": { "line": 8, "column": 0 },
        "end": { "line": 8, "column": 34 }
      },
      "2": {
        "start": { "line": 9, "column": 0 },
        "end": { "line": 9, "column": 56 }
      },
      "3": {
        "start": { "line": 12, "column": 23 },
        "end": { "line": 23, "column": 2 }
      },
      "4": {
        "start": { "line": 16, "column": 4 },
        "end": { "line": 23, "column": 2 }
      },
      "5": {
        "start": { "line": 17, "column": 2 },
        "end": { "line": 22, "column": 3 }
      },
      "6": {
        "start": { "line": 18, "column": 17 },
        "end": { "line": 18, "column": 35 }
      },
      "7": {
        "start": { "line": 19, "column": 4 },
        "end": { "line": 19, "column": 35 }
      },
      "8": {
        "start": { "line": 21, "column": 4 },
        "end": { "line": 21, "column": 16 }
      },
      "9": {
        "start": { "line": 12, "column": 13 },
        "end": { "line": 12, "column": 23 }
      },
      "10": {
        "start": { "line": 25, "column": 26 },
        "end": { "line": 40, "column": 2 }
      },
      "11": {
        "start": { "line": 29, "column": 4 },
        "end": { "line": 40, "column": 2 }
      },
      "12": {
        "start": { "line": 30, "column": 2 },
        "end": { "line": 39, "column": 3 }
      },
      "13": {
        "start": { "line": 31, "column": 23 },
        "end": { "line": 31, "column": 33 }
      },
      "14": {
        "start": { "line": 32, "column": 4 },
        "end": { "line": 34, "column": 5 }
      },
      "15": {
        "start": { "line": 33, "column": 6 },
        "end": { "line": 33, "column": 61 }
      },
      "16": {
        "start": { "line": 35, "column": 22 },
        "end": { "line": 35, "column": 57 }
      },
      "17": {
        "start": { "line": 36, "column": 4 },
        "end": { "line": 36, "column": 40 }
      },
      "18": {
        "start": { "line": 38, "column": 4 },
        "end": { "line": 38, "column": 16 }
      },
      "19": {
        "start": { "line": 25, "column": 13 },
        "end": { "line": 25, "column": 26 }
      },
      "20": {
        "start": { "line": 42, "column": 25 },
        "end": { "line": 106, "column": 2 }
      },
      "21": {
        "start": { "line": 46, "column": 4 },
        "end": { "line": 106, "column": 2 }
      },
      "22": {
        "start": { "line": 55, "column": 6 },
        "end": { "line": 55, "column": 14 }
      },
      "23": {
        "start": { "line": 56, "column": 2 },
        "end": { "line": 105, "column": 3 }
      },
      "24": {
        "start": { "line": 57, "column": 4 },
        "end": { "line": 66, "column": 5 }
      },
      "25": {
        "start": { "line": 65, "column": 6 },
        "end": { "line": 65, "column": 70 }
      },
      "26": {
        "start": { "line": 67, "column": 4 },
        "end": { "line": 69, "column": 5 }
      },
      "27": {
        "start": { "line": 68, "column": 6 },
        "end": { "line": 68, "column": 67 }
      },
      "28": {
        "start": { "line": 71, "column": 4 },
        "end": { "line": 83, "column": 5 }
      },
      "29": {
        "start": { "line": 72, "column": 24 },
        "end": { "line": 72, "column": 66 }
      },
      "30": {
        "start": { "line": 73, "column": 6 },
        "end": { "line": 77, "column": 7 }
      },
      "31": {
        "start": { "line": 74, "column": 8 },
        "end": { "line": 76, "column": 11 }
      },
      "32": {
        "start": { "line": 79, "column": 6 },
        "end": { "line": 81, "column": 7 }
      },
      "33": {
        "start": { "line": 80, "column": 8 },
        "end": { "line": 80, "column": 68 }
      },
      "34": {
        "start": { "line": 82, "column": 6 },
        "end": { "line": 82, "column": 18 }
      },
      "35": {
        "start": { "line": 85, "column": 27 },
        "end": { "line": 87, "column": null }
      },
      "36": {
        "start": { "line": 89, "column": 4 },
        "end": { "line": 91, "column": 5 }
      },
      "37": {
        "start": { "line": 90, "column": 6 },
        "end": { "line": 90, "column": 70 }
      },
      "38": {
        "start": { "line": 93, "column": 19 },
        "end": { "line": 100, "column": null }
      },
      "39": {
        "start": { "line": 102, "column": 4 },
        "end": { "line": 102, "column": 37 }
      },
      "40": {
        "start": { "line": 104, "column": 4 },
        "end": { "line": 104, "column": 16 }
      },
      "41": {
        "start": { "line": 42, "column": 13 },
        "end": { "line": 42, "column": 25 }
      },
      "42": {
        "start": { "line": 108, "column": 25 },
        "end": { "line": 189, "column": 2 }
      },
      "43": {
        "start": { "line": 112, "column": 4 },
        "end": { "line": 189, "column": 2 }
      },
      "44": {
        "start": { "line": 113, "column": 21 },
        "end": { "line": 113, "column": 31 }
      },
      "45": {
        "start": { "line": 122, "column": 6 },
        "end": { "line": 122, "column": 14 }
      },
      "46": {
        "start": { "line": 123, "column": 2 },
        "end": { "line": 188, "column": 3 }
      },
      "47": {
        "start": { "line": 124, "column": 4 },
        "end": { "line": 126, "column": 5 }
      },
      "48": {
        "start": { "line": 125, "column": 6 },
        "end": { "line": 125, "column": 61 }
      },
      "49": {
        "start": { "line": 127, "column": 4 },
        "end": { "line": 129, "column": 5 }
      },
      "50": {
        "start": { "line": 128, "column": 6 },
        "end": { "line": 128, "column": 66 }
      },
      "51": {
        "start": { "line": 132, "column": 25 },
        "end": { "line": 132, "column": 60 }
      },
      "52": {
        "start": { "line": 137, "column": 4 },
        "end": { "line": 163, "column": 5 }
      },
      "53": {
        "start": { "line": 138, "column": 6 },
        "end": { "line": 140, "column": 7 }
      },
      "54": {
        "start": { "line": 139, "column": 8 },
        "end": { "line": 139, "column": 69 }
      },
      "55": {
        "start": { "line": 143, "column": 6 },
        "end": { "line": 162, "column": 7 }
      },
      "56": {
        "start": { "line": 144, "column": 26 },
        "end": { "line": 144, "column": 68 }
      },
      "57": {
        "start": { "line": 145, "column": 8 },
        "end": { "line": 149, "column": 9 }
      },
      "58": {
        "start": { "line": 146, "column": 10 },
        "end": { "line": 148, "column": 13 }
      },
      "59": {
        "start": { "line": 152, "column": 8 },
        "end": { "line": 156, "column": 9 }
      },
      "60": {
        "start": { "line": 153, "column": 10 },
        "end": { "line": 155, "column": 13 }
      },
      "61": {
        "start": { "line": 158, "column": 8 },
        "end": { "line": 160, "column": 9 }
      },
      "62": {
        "start": { "line": 159, "column": 10 },
        "end": { "line": 159, "column": 70 }
      },
      "63": {
        "start": { "line": 161, "column": 8 },
        "end": { "line": 161, "column": 20 }
      },
      "64": {
        "start": { "line": 165, "column": 4 },
        "end": { "line": 173, "column": 5 }
      },
      "65": {
        "start": { "line": 166, "column": 29 },
        "end": { "line": 168, "column": null }
      },
      "66": {
        "start": { "line": 170, "column": 6 },
        "end": { "line": 172, "column": 7 }
      },
      "67": {
        "start": { "line": 171, "column": 8 },
        "end": { "line": 171, "column": 72 }
      },
      "68": {
        "start": { "line": 175, "column": 23 },
        "end": { "line": 183, "column": null }
      },
      "69": {
        "start": { "line": 185, "column": 4 },
        "end": { "line": 185, "column": 41 }
      },
      "70": {
        "start": { "line": 187, "column": 4 },
        "end": { "line": 187, "column": 16 }
      },
      "71": {
        "start": { "line": 108, "column": 13 },
        "end": { "line": 108, "column": 25 }
      }
    },
    "fnMap": {
      "0": {
        "name": "(anonymous_8)",
        "decl": {
          "start": { "line": 12, "column": 23 },
          "end": { "line": 12, "column": null }
        },
        "loc": {
          "start": { "line": 16, "column": 4 },
          "end": { "line": 23, "column": 2 }
        }
      },
      "1": {
        "name": "(anonymous_9)",
        "decl": {
          "start": { "line": 16, "column": 4 },
          "end": { "line": 16, "column": null }
        },
        "loc": {
          "start": { "line": 16, "column": 4 },
          "end": { "line": 23, "column": 1 }
        }
      },
      "2": {
        "name": "(anonymous_10)",
        "decl": {
          "start": { "line": 25, "column": 26 },
          "end": { "line": 25, "column": null }
        },
        "loc": {
          "start": { "line": 29, "column": 4 },
          "end": { "line": 40, "column": 2 }
        }
      },
      "3": {
        "name": "(anonymous_11)",
        "decl": {
          "start": { "line": 29, "column": 4 },
          "end": { "line": 29, "column": null }
        },
        "loc": {
          "start": { "line": 29, "column": 4 },
          "end": { "line": 40, "column": 1 }
        }
      },
      "4": {
        "name": "(anonymous_12)",
        "decl": {
          "start": { "line": 42, "column": 25 },
          "end": { "line": 42, "column": null }
        },
        "loc": {
          "start": { "line": 46, "column": 4 },
          "end": { "line": 106, "column": 2 }
        }
      },
      "5": {
        "name": "(anonymous_13)",
        "decl": {
          "start": { "line": 46, "column": 4 },
          "end": { "line": 46, "column": null }
        },
        "loc": {
          "start": { "line": 46, "column": 4 },
          "end": { "line": 106, "column": 1 }
        }
      },
      "6": {
        "name": "(anonymous_14)",
        "decl": {
          "start": { "line": 108, "column": 25 },
          "end": { "line": 108, "column": null }
        },
        "loc": {
          "start": { "line": 112, "column": 4 },
          "end": { "line": 189, "column": 2 }
        }
      },
      "7": {
        "name": "(anonymous_15)",
        "decl": {
          "start": { "line": 112, "column": 4 },
          "end": { "line": 112, "column": null }
        },
        "loc": {
          "start": { "line": 112, "column": 4 },
          "end": { "line": 189, "column": 1 }
        }
      }
    },
    "branchMap": {
      "0": {
        "loc": {
          "start": { "line": 32, "column": 4 },
          "end": { "line": 34, "column": 5 }
        },
        "type": "if",
        "locations": [
          {
            "start": { "line": 32, "column": 4 },
            "end": { "line": 34, "column": 5 }
          }
        ]
      },
      "1": {
        "loc": {
          "start": { "line": 57, "column": 4 },
          "end": { "line": 66, "column": 5 }
        },
        "type": "if",
        "locations": [
          {
            "start": { "line": 57, "column": 4 },
            "end": { "line": 66, "column": 5 }
          }
        ]
      },
      "2": {
        "loc": {
          "start": { "line": 58, "column": 6 },
          "end": { "line": 63, "column": 19 }
        },
        "type": "binary-expr",
        "locations": [
          {
            "start": { "line": 58, "column": 6 },
            "end": { "line": 58, "column": 11 }
          },
          {
            "start": { "line": 59, "column": 6 },
            "end": { "line": 59, "column": 18 }
          },
          {
            "start": { "line": 60, "column": 6 },
            "end": { "line": 60, "column": 15 }
          },
          {
            "start": { "line": 61, "column": 6 },
            "end": { "line": 61, "column": 14 }
          },
          {
            "start": { "line": 62, "column": 6 },
            "end": { "line": 62, "column": 18 }
          },
          {
            "start": { "line": 63, "column": 6 },
            "end": { "line": 63, "column": 19 }
          }
        ]
      },
      "3": {
        "loc": {
          "start": { "line": 67, "column": 4 },
          "end": { "line": 69, "column": 5 }
        },
        "type": "if",
        "locations": [
          {
            "start": { "line": 67, "column": 4 },
            "end": { "line": 69, "column": 5 }
          }
        ]
      },
      "4": {
        "loc": {
          "start": { "line": 73, "column": 6 },
          "end": { "line": 77, "column": 7 }
        },
        "type": "if",
        "locations": [
          {
            "start": { "line": 73, "column": 6 },
            "end": { "line": 77, "column": 7 }
          }
        ]
      },
      "5": {
        "loc": {
          "start": { "line": 79, "column": 6 },
          "end": { "line": 81, "column": 7 }
        },
        "type": "if",
        "locations": [
          {
            "start": { "line": 79, "column": 6 },
            "end": { "line": 81, "column": 7 }
          }
        ]
      },
      "6": {
        "loc": {
          "start": { "line": 89, "column": 4 },
          "end": { "line": 91, "column": 5 }
        },
        "type": "if",
        "locations": [
          {
            "start": { "line": 89, "column": 4 },
            "end": { "line": 91, "column": 5 }
          }
        ]
      },
      "7": {
        "loc": {
          "start": { "line": 124, "column": 4 },
          "end": { "line": 126, "column": 5 }
        },
        "type": "if",
        "locations": [
          {
            "start": { "line": 124, "column": 4 },
            "end": { "line": 126, "column": 5 }
          }
        ]
      },
      "8": {
        "loc": {
          "start": { "line": 127, "column": 4 },
          "end": { "line": 129, "column": 5 }
        },
        "type": "if",
        "locations": [
          {
            "start": { "line": 127, "column": 4 },
            "end": { "line": 129, "column": 5 }
          }
        ]
      },
      "9": {
        "loc": {
          "start": { "line": 137, "column": 4 },
          "end": { "line": 163, "column": 5 }
        },
        "type": "if",
        "locations": [
          {
            "start": { "line": 137, "column": 4 },
            "end": { "line": 163, "column": 5 }
          }
        ]
      },
      "10": {
        "loc": {
          "start": { "line": 138, "column": 6 },
          "end": { "line": 140, "column": 7 }
        },
        "type": "if",
        "locations": [
          {
            "start": { "line": 138, "column": 6 },
            "end": { "line": 140, "column": 7 }
          }
        ]
      },
      "11": {
        "loc": {
          "start": { "line": 145, "column": 8 },
          "end": { "line": 149, "column": 9 }
        },
        "type": "if",
        "locations": [
          {
            "start": { "line": 145, "column": 8 },
            "end": { "line": 149, "column": 9 }
          }
        ]
      },
      "12": {
        "loc": {
          "start": { "line": 152, "column": 8 },
          "end": { "line": 156, "column": 9 }
        },
        "type": "if",
        "locations": [
          {
            "start": { "line": 152, "column": 8 },
            "end": { "line": 156, "column": 9 }
          }
        ]
      },
      "13": {
        "loc": {
          "start": { "line": 158, "column": 8 },
          "end": { "line": 160, "column": 9 }
        },
        "type": "if",
        "locations": [
          {
            "start": { "line": 158, "column": 8 },
            "end": { "line": 160, "column": 9 }
          }
        ]
      },
      "14": {
        "loc": {
          "start": { "line": 165, "column": 4 },
          "end": { "line": 173, "column": 5 }
        },
        "type": "if",
        "locations": [
          {
            "start": { "line": 165, "column": 4 },
            "end": { "line": 173, "column": 5 }
          }
        ]
      },
      "15": {
        "loc": {
          "start": { "line": 170, "column": 6 },
          "end": { "line": 172, "column": 7 }
        },
        "type": "if",
        "locations": [
          {
            "start": { "line": 170, "column": 6 },
            "end": { "line": 172, "column": 7 }
          }
        ]
      }
    },
    "s": {
      "0": 1,
      "1": 1,
      "2": 1,
      "3": 1,
      "4": 1,
      "5": 1,
      "6": 1,
      "7": 1,
      "8": 0,
      "9": 1,
      "10": 1,
      "11": 3,
      "12": 3,
      "13": 3,
      "14": 3,
      "15": 1,
      "16": 2,
      "17": 1,
      "18": 1,
      "19": 1,
      "20": 1,
      "21": 6,
      "22": 6,
      "23": 6,
      "24": 6,
      "25": 1,
      "26": 5,
      "27": 1,
      "28": 4,
      "29": 4,
      "30": 3,
      "31": 1,
      "32": 1,
      "33": 1,
      "34": 0,
      "35": 2,
      "36": 2,
      "37": 1,
      "38": 1,
      "39": 1,
      "40": 0,
      "41": 1,
      "42": 1,
      "43": 7,
      "44": 7,
      "45": 7,
      "46": 7,
      "47": 7,
      "48": 1,
      "49": 6,
      "50": 1,
      "51": 5,
      "52": 4,
      "53": 4,
      "54": 0,
      "55": 4,
      "56": 4,
      "57": 3,
      "58": 1,
      "59": 2,
      "60": 1,
      "61": 1,
      "62": 1,
      "63": 0,
      "64": 1,
      "65": 1,
      "66": 1,
      "67": 0,
      "68": 1,
      "69": 1,
      "70": 1,
      "71": 1
    },
    "f": { "0": 1, "1": 1, "2": 3, "3": 3, "4": 6, "5": 6, "6": 7, "7": 7 },
    "b": {
      "0": [1],
      "1": [1],
      "2": [6, 5, 5, 5, 5, 5],
      "3": [1],
      "4": [1],
      "5": [1],
      "6": [1],
      "7": [1],
      "8": [1],
      "9": [4],
      "10": [0],
      "11": [1],
      "12": [1],
      "13": [1],
      "14": [1],
      "15": [0]
    }
  },
  "/Users/tward/Desktop/Coding/aio-app-hub/feedback-app-be/controllers/users-controller.ts": {
    "path": "/Users/tward/Desktop/Coding/aio-app-hub/feedback-app-be/controllers/users-controller.ts",
    "statementMap": {
      "0": {
        "start": { "line": 2, "column": 0 },
        "end": { "line": 2, "column": null }
      },
      "1": {
        "start": { "line": 9, "column": 24 },
        "end": { "line": 20, "column": 2 }
      },
      "2": {
        "start": { "line": 13, "column": 4 },
        "end": { "line": 20, "column": 2 }
      },
      "3": {
        "start": { "line": 14, "column": 2 },
        "end": { "line": 19, "column": 3 }
      },
      "4": {
        "start": { "line": 15, "column": 18 },
        "end": { "line": 15, "column": 37 }
      },
      "5": {
        "start": { "line": 16, "column": 4 },
        "end": { "line": 16, "column": 36 }
      },
      "6": {
        "start": { "line": 18, "column": 4 },
        "end": { "line": 18, "column": 14 }
      },
      "7": {
        "start": { "line": 9, "column": 13 },
        "end": { "line": 9, "column": 24 }
      },
      "8": {
        "start": { "line": 22, "column": 27 },
        "end": { "line": 37, "column": 2 }
      },
      "9": {
        "start": { "line": 26, "column": 4 },
        "end": { "line": 37, "column": 2 }
      },
      "10": {
        "start": { "line": 27, "column": 2 },
        "end": { "line": 36, "column": 3 }
      },
      "11": {
        "start": { "line": 28, "column": 24 },
        "end": { "line": 28, "column": 34 }
      },
      "12": {
        "start": { "line": 29, "column": 4 },
        "end": { "line": 31, "column": 5 }
      },
      "13": {
        "start": { "line": 30, "column": 6 },
        "end": { "line": 30, "column": 62 }
      },
      "14": {
        "start": { "line": 32, "column": 17 },
        "end": { "line": 32, "column": 54 }
      },
      "15": {
        "start": { "line": 33, "column": 4 },
        "end": { "line": 33, "column": 35 }
      },
      "16": {
        "start": { "line": 35, "column": 4 },
        "end": { "line": 35, "column": 14 }
      },
      "17": {
        "start": { "line": 22, "column": 13 },
        "end": { "line": 22, "column": 27 }
      },
      "18": {
        "start": { "line": 39, "column": 26 },
        "end": { "line": 61, "column": 2 }
      },
      "19": {
        "start": { "line": 43, "column": 4 },
        "end": { "line": 61, "column": 2 }
      },
      "20": {
        "start": { "line": 44, "column": 2 },
        "end": { "line": 60, "column": 3 }
      },
      "21": {
        "start": { "line": 45, "column": 66 },
        "end": { "line": 45, "column": 74 }
      },
      "22": {
        "start": { "line": 46, "column": 4 },
        "end": { "line": 48, "column": 5 }
      },
      "23": {
        "start": { "line": 47, "column": 6 },
        "end": { "line": 47, "column": 70 }
      },
      "24": {
        "start": { "line": 49, "column": 17 },
        "end": { "line": 55, "column": null }
      },
      "25": {
        "start": { "line": 57, "column": 4 },
        "end": { "line": 57, "column": 35 }
      },
      "26": {
        "start": { "line": 59, "column": 4 },
        "end": { "line": 59, "column": 14 }
      },
      "27": {
        "start": { "line": 39, "column": 13 },
        "end": { "line": 39, "column": 26 }
      },
      "28": {
        "start": { "line": 63, "column": 26 },
        "end": { "line": 97, "column": 2 }
      },
      "29": {
        "start": { "line": 67, "column": 4 },
        "end": { "line": 97, "column": 2 }
      },
      "30": {
        "start": { "line": 68, "column": 2 },
        "end": { "line": 96, "column": 3 }
      },
      "31": {
        "start": { "line": 69, "column": 24 },
        "end": { "line": 69, "column": 34 }
      },
      "32": {
        "start": { "line": 71, "column": 4 },
        "end": { "line": 73, "column": 5 }
      },
      "33": {
        "start": { "line": 72, "column": 6 },
        "end": { "line": 72, "column": 62 }
      },
      "34": {
        "start": { "line": 75, "column": 4 },
        "end": { "line": 75, "column": 42 }
      },
      "35": {
        "start": { "line": 77, "column": 66 },
        "end": { "line": 77, "column": 74 }
      },
      "36": {
        "start": { "line": 83, "column": 24 },
        "end": { "line": 90, "column": null }
      },
      "37": {
        "start": { "line": 93, "column": 4 },
        "end": { "line": 93, "column": 42 }
      },
      "38": {
        "start": { "line": 95, "column": 4 },
        "end": { "line": 95, "column": 14 }
      },
      "39": {
        "start": { "line": 63, "column": 13 },
        "end": { "line": 63, "column": 26 }
      }
    },
    "fnMap": {
      "0": {
        "name": "(anonymous_7)",
        "decl": {
          "start": { "line": 9, "column": 24 },
          "end": { "line": 9, "column": null }
        },
        "loc": {
          "start": { "line": 13, "column": 4 },
          "end": { "line": 20, "column": 2 }
        }
      },
      "1": {
        "name": "(anonymous_8)",
        "decl": {
          "start": { "line": 13, "column": 4 },
          "end": { "line": 13, "column": null }
        },
        "loc": {
          "start": { "line": 13, "column": 4 },
          "end": { "line": 20, "column": 1 }
        }
      },
      "2": {
        "name": "(anonymous_9)",
        "decl": {
          "start": { "line": 22, "column": 27 },
          "end": { "line": 22, "column": null }
        },
        "loc": {
          "start": { "line": 26, "column": 4 },
          "end": { "line": 37, "column": 2 }
        }
      },
      "3": {
        "name": "(anonymous_10)",
        "decl": {
          "start": { "line": 26, "column": 4 },
          "end": { "line": 26, "column": null }
        },
        "loc": {
          "start": { "line": 26, "column": 4 },
          "end": { "line": 37, "column": 1 }
        }
      },
      "4": {
        "name": "(anonymous_11)",
        "decl": {
          "start": { "line": 39, "column": 26 },
          "end": { "line": 39, "column": null }
        },
        "loc": {
          "start": { "line": 43, "column": 4 },
          "end": { "line": 61, "column": 2 }
        }
      },
      "5": {
        "name": "(anonymous_12)",
        "decl": {
          "start": { "line": 43, "column": 4 },
          "end": { "line": 43, "column": null }
        },
        "loc": {
          "start": { "line": 43, "column": 4 },
          "end": { "line": 61, "column": 1 }
        }
      },
      "6": {
        "name": "(anonymous_13)",
        "decl": {
          "start": { "line": 63, "column": 26 },
          "end": { "line": 63, "column": null }
        },
        "loc": {
          "start": { "line": 67, "column": 4 },
          "end": { "line": 97, "column": 2 }
        }
      },
      "7": {
        "name": "(anonymous_14)",
        "decl": {
          "start": { "line": 67, "column": 4 },
          "end": { "line": 67, "column": null }
        },
        "loc": {
          "start": { "line": 67, "column": 4 },
          "end": { "line": 97, "column": 1 }
        }
      }
    },
    "branchMap": {
      "0": {
        "loc": {
          "start": { "line": 29, "column": 4 },
          "end": { "line": 31, "column": 5 }
        },
        "type": "if",
        "locations": [
          {
            "start": { "line": 29, "column": 4 },
            "end": { "line": 31, "column": 5 }
          }
        ]
      },
      "1": {
        "loc": {
          "start": { "line": 46, "column": 4 },
          "end": { "line": 48, "column": 5 }
        },
        "type": "if",
        "locations": [
          {
            "start": { "line": 46, "column": 4 },
            "end": { "line": 48, "column": 5 }
          }
        ]
      },
      "2": {
        "loc": {
          "start": { "line": 46, "column": 8 },
          "end": { "line": 46, "column": 58 }
        },
        "type": "binary-expr",
        "locations": [
          {
            "start": { "line": 46, "column": 8 },
            "end": { "line": 46, "column": 17 }
          },
          {
            "start": { "line": 46, "column": 21 },
            "end": { "line": 46, "column": 26 }
          },
          {
            "start": { "line": 46, "column": 30 },
            "end": { "line": 46, "column": 36 }
          },
          {
            "start": { "line": 46, "column": 40 },
            "end": { "line": 46, "column": 45 }
          },
          {
            "start": { "line": 46, "column": 49 },
            "end": { "line": 46, "column": 58 }
          }
        ]
      },
      "3": {
        "loc": {
          "start": { "line": 71, "column": 4 },
          "end": { "line": 73, "column": 5 }
        },
        "type": "if",
        "locations": [
          {
            "start": { "line": 71, "column": 4 },
            "end": { "line": 73, "column": 5 }
          }
        ]
      }
    },
    "s": {
      "0": 1,
      "1": 1,
      "2": 1,
      "3": 1,
      "4": 1,
      "5": 1,
      "6": 0,
      "7": 1,
      "8": 1,
      "9": 9,
      "10": 9,
      "11": 9,
      "12": 9,
      "13": 1,
      "14": 8,
      "15": 7,
      "16": 1,
      "17": 1,
      "18": 1,
      "19": 8,
      "20": 8,
      "21": 8,
      "22": 8,
      "23": 6,
      "24": 2,
      "25": 2,
      "26": 0,
      "27": 1,
      "28": 1,
      "29": 10,
      "30": 10,
      "31": 10,
      "32": 10,
      "33": 1,
      "34": 9,
      "35": 8,
      "36": 8,
      "37": 7,
      "38": 2,
      "39": 1
    },
    "f": { "0": 1, "1": 1, "2": 9, "3": 9, "4": 8, "5": 8, "6": 10, "7": 10 },
    "b": { "0": [1], "1": [6], "2": [8, 6, 5, 4, 3], "3": [1] }
  },
  "/Users/tward/Desktop/Coding/aio-app-hub/feedback-app-be/db/connection.ts": {
    "path": "/Users/tward/Desktop/Coding/aio-app-hub/feedback-app-be/db/connection.ts",
    "statementMap": {
      "0": {
        "start": { "line": 1, "column": 0 },
        "end": { "line": 1, "column": 26 }
      },
      "1": {
        "start": { "line": 3, "column": 0 },
        "end": { "line": 3, "column": 24 }
      },
      "2": {
        "start": { "line": 4, "column": 0 },
        "end": { "line": 4, "column": 20 }
      },
      "3": {
        "start": { "line": 5, "column": 12 },
        "end": { "line": 5, "column": 49 }
      },
      "4": {
        "start": { "line": 7, "column": 0 },
        "end": { "line": 9, "column": 1 }
      },
      "5": {
        "start": { "line": 8, "column": 2 },
        "end": { "line": 8, "column": 41 }
      },
      "6": {
        "start": { "line": 12, "column": 16 },
        "end": { "line": 14, "column": 43 }
      },
      "7": {
        "start": { "line": 16, "column": 0 },
        "end": { "line": 18, "column": 3 }
      },
      "8": {
        "start": { "line": 20, "column": 0 },
        "end": { "line": 22, "column": 1 }
      },
      "9": {
        "start": { "line": 21, "column": 2 },
        "end": { "line": 21, "column": 57 }
      },
      "10": {
        "start": { "line": 24, "column": 27 },
        "end": { "line": 24, "column": 29 }
      },
      "11": {
        "start": { "line": 26, "column": 0 },
        "end": { "line": 29, "column": 1 }
      },
      "12": {
        "start": { "line": 27, "column": 2 },
        "end": { "line": 27, "column": 63 }
      },
      "13": {
        "start": { "line": 28, "column": 2 },
        "end": { "line": 28, "column": 17 }
      },
      "14": {
        "start": { "line": 31, "column": 0 },
        "end": { "line": 31, "column": 39 }
      }
    },
    "fnMap": {},
    "branchMap": {
      "0": {
        "loc": {
          "start": { "line": 5, "column": 12 },
          "end": { "line": 5, "column": 49 }
        },
        "type": "binary-expr",
        "locations": [
          {
            "start": { "line": 5, "column": 12 },
            "end": { "line": 5, "column": 32 }
          },
          {
            "start": { "line": 5, "column": 36 },
            "end": { "line": 5, "column": 49 }
          }
        ]
      },
      "1": {
        "loc": {
          "start": { "line": 7, "column": 0 },
          "end": { "line": 9, "column": 1 }
        },
        "type": "if",
        "locations": [
          {
            "start": { "line": 7, "column": 0 },
            "end": { "line": 9, "column": 1 }
          }
        ]
      },
      "2": {
        "loc": {
          "start": { "line": 12, "column": 16 },
          "end": { "line": 14, "column": 43 }
        },
        "type": "cond-expr",
        "locations": [
          {
            "start": { "line": 13, "column": 4 },
            "end": { "line": 13, "column": 42 }
          },
          {
            "start": { "line": 14, "column": 4 },
            "end": { "line": 14, "column": 43 }
          }
        ]
      },
      "3": {
        "loc": {
          "start": { "line": 20, "column": 0 },
          "end": { "line": 22, "column": 1 }
        },
        "type": "if",
        "locations": [
          {
            "start": { "line": 20, "column": 0 },
            "end": { "line": 22, "column": 1 }
          }
        ]
      },
      "4": {
        "loc": {
          "start": { "line": 20, "column": 4 },
          "end": { "line": 20, "column": 56 }
        },
        "type": "binary-expr",
        "locations": [
          {
            "start": { "line": 20, "column": 4 },
            "end": { "line": 20, "column": 27 }
          },
          {
            "start": { "line": 20, "column": 31 },
            "end": { "line": 20, "column": 56 }
          }
        ]
      },
      "5": {
        "loc": {
          "start": { "line": 26, "column": 0 },
          "end": { "line": 29, "column": 1 }
        },
        "type": "if",
        "locations": [
          {
            "start": { "line": 26, "column": 0 },
            "end": { "line": 29, "column": 1 }
          }
        ]
      }
    },
    "s": {
      "0": 1,
      "1": 1,
      "2": 1,
      "3": 1,
      "4": 1,
      "5": 0,
      "6": 1,
      "7": 1,
      "8": 1,
      "9": 0,
      "10": 1,
      "11": 1,
      "12": 0,
      "13": 0,
      "14": 1
    },
    "f": {},
    "b": { "0": [1, 0], "1": [0], "2": [1, 0], "3": [0], "4": [1, 0], "5": [0] }
  },
  "/Users/tward/Desktop/Coding/aio-app-hub/feedback-app-be/db/data/test-data/apps-data.ts": {
    "path": "/Users/tward/Desktop/Coding/aio-app-hub/feedback-app-be/db/data/test-data/apps-data.ts",
    "statementMap": {
      "0": {
        "start": { "line": 3, "column": 13 },
        "end": { "line": 26, "column": 2 }
      }
    },
    "fnMap": {},
    "branchMap": {},
    "s": { "0": 1 },
    "f": {},
    "b": {}
  },
  "/Users/tward/Desktop/Coding/aio-app-hub/feedback-app-be/db/data/test-data/categories-data.ts": {
    "path": "/Users/tward/Desktop/Coding/aio-app-hub/feedback-app-be/db/data/test-data/categories-data.ts",
    "statementMap": {
      "0": {
        "start": { "line": 3, "column": 13 },
        "end": { "line": 16, "column": 2 }
      }
    },
    "fnMap": {},
    "branchMap": {},
    "s": { "0": 1 },
    "f": {},
    "b": {}
  },
  "/Users/tward/Desktop/Coding/aio-app-hub/feedback-app-be/db/data/test-data/comments-data.ts": {
    "path": "/Users/tward/Desktop/Coding/aio-app-hub/feedback-app-be/db/data/test-data/comments-data.ts",
    "statementMap": {
      "0": {
        "start": { "line": 3, "column": 13 },
        "end": { "line": 64, "column": 2 }
      }
    },
    "fnMap": {},
    "branchMap": {},
    "s": { "0": 1 },
    "f": {},
    "b": {}
  },
  "/Users/tward/Desktop/Coding/aio-app-hub/feedback-app-be/db/data/test-data/index.ts": {
    "path": "/Users/tward/Desktop/Coding/aio-app-hub/feedback-app-be/db/data/test-data/index.ts",
    "statementMap": {
      "0": {
        "start": { "line": 1, "column": 0 },
        "end": { "line": 1, "column": 37 }
      },
      "1": {
        "start": { "line": 2, "column": 0 },
        "end": { "line": 2, "column": 35 }
      },
      "2": {
        "start": { "line": 3, "column": 0 },
        "end": { "line": 3, "column": 41 }
      },
      "3": {
        "start": { "line": 4, "column": 0 },
        "end": { "line": 4, "column": 43 }
      },
      "4": {
        "start": { "line": 5, "column": 0 },
        "end": { "line": 5, "column": 39 }
      },
      "5": {
        "start": { "line": 6, "column": 0 },
        "end": { "line": 6, "column": 47 }
      },
      "6": {
        "start": { "line": 8, "column": 13 },
        "end": { "line": 8, "column": 30 }
      },
      "7": {
        "start": { "line": 9, "column": 13 },
        "end": { "line": 9, "column": 29 }
      },
      "8": {
        "start": { "line": 10, "column": 13 },
        "end": { "line": 10, "column": 35 }
      },
      "9": {
        "start": { "line": 11, "column": 13 },
        "end": { "line": 11, "column": 37 }
      },
      "10": {
        "start": { "line": 12, "column": 13 },
        "end": { "line": 12, "column": 33 }
      },
      "11": {
        "start": { "line": 13, "column": 13 },
        "end": { "line": 13, "column": 41 }
      }
    },
    "fnMap": {},
    "branchMap": {},
    "s": {
      "0": 1,
      "1": 1,
      "2": 1,
      "3": 1,
      "4": 1,
      "5": 1,
      "6": 1,
      "7": 1,
      "8": 1,
      "9": 1,
      "10": 1,
      "11": 1
    },
    "f": {},
    "b": {}
  },
  "/Users/tward/Desktop/Coding/aio-app-hub/feedback-app-be/db/data/test-data/issues-data.ts": {
    "path": "/Users/tward/Desktop/Coding/aio-app-hub/feedback-app-be/db/data/test-data/issues-data.ts",
    "statementMap": {
      "0": {
        "start": { "line": 3, "column": 13 },
        "end": { "line": 42, "column": 2 }
      }
    },
    "fnMap": {},
    "branchMap": {},
    "s": { "0": 1 },
    "f": {},
    "b": {}
  },
  "/Users/tward/Desktop/Coding/aio-app-hub/feedback-app-be/db/data/test-data/ratings-data.ts": {
    "path": "/Users/tward/Desktop/Coding/aio-app-hub/feedback-app-be/db/data/test-data/ratings-data.ts",
    "statementMap": {
      "0": {
        "start": { "line": 3, "column": 13 },
        "end": { "line": 60, "column": 2 }
      }
    },
    "fnMap": {},
    "branchMap": {},
    "s": { "0": 1 },
    "f": {},
    "b": {}
  },
  "/Users/tward/Desktop/Coding/aio-app-hub/feedback-app-be/db/data/test-data/users-data.ts": {
    "path": "/Users/tward/Desktop/Coding/aio-app-hub/feedback-app-be/db/data/test-data/users-data.ts",
    "statementMap": {
      "0": {
        "start": { "line": 3, "column": 13 },
        "end": { "line": 34, "column": 2 }
      }
    },
    "fnMap": {},
    "branchMap": {},
    "s": { "0": 1 },
    "f": {},
    "b": {}
  },
  "/Users/tward/Desktop/Coding/aio-app-hub/feedback-app-be/db/seeds/seed.ts": {
    "path": "/Users/tward/Desktop/Coding/aio-app-hub/feedback-app-be/db/seeds/seed.ts",
    "statementMap": {
      "0": {
        "start": { "line": 1, "column": 0 },
        "end": { "line": 1, "column": 31 }
      },
      "1": {
        "start": { "line": 2, "column": 0 },
        "end": { "line": 2, "column": 31 }
      },
      "2": {
        "start": { "line": 5, "column": 13 },
        "end": { "line": 188, "column": 2 }
      },
      "3": {
        "start": { "line": 12, "column": 5 },
        "end": { "line": 188, "column": 2 }
      },
      "4": {
        "start": { "line": 13, "column": 2 },
        "end": { "line": 187, "column": 3 }
      },
      "5": {
        "start": { "line": 14, "column": 4 },
        "end": { "line": 14, "column": 61 }
      },
      "6": {
        "start": { "line": 15, "column": 4 },
        "end": { "line": 15, "column": 60 }
      },
      "7": {
        "start": { "line": 16, "column": 4 },
        "end": { "line": 16, "column": 59 }
      },
      "8": {
        "start": { "line": 17, "column": 4 },
        "end": { "line": 17, "column": 57 }
      },
      "9": {
        "start": { "line": 18, "column": 4 },
        "end": { "line": 18, "column": 63 }
      },
      "10": {
        "start": { "line": 19, "column": 4 },
        "end": { "line": 19, "column": 58 }
      },
      "11": {
        "start": { "line": 21, "column": 4 },
        "end": { "line": 33, "column": 7 }
      },
      "12": {
        "start": { "line": 35, "column": 4 },
        "end": { "line": 43, "column": 7 }
      },
      "13": {
        "start": { "line": 45, "column": 4 },
        "end": { "line": 58, "column": 7 }
      },
      "14": {
        "start": { "line": 60, "column": 4 },
        "end": { "line": 71, "column": 7 }
      },
      "15": {
        "start": { "line": 73, "column": 4 },
        "end": { "line": 84, "column": 7 }
      },
      "16": {
        "start": { "line": 86, "column": 4 },
        "end": { "line": 98, "column": 7 }
      },
      "17": {
        "start": { "line": 100, "column": 35 },
        "end": { "line": 111, "column": null }
      },
      "18": {
        "start": { "line": 102, "column": 31 },
        "end": { "line": 111, "column": 8 }
      },
      "19": {
        "start": { "line": 113, "column": 4 },
        "end": { "line": 113, "column": 43 }
      },
      "20": {
        "start": { "line": 115, "column": 40 },
        "end": { "line": 122, "column": null }
      },
      "21": {
        "start": { "line": 117, "column": 40 },
        "end": { "line": 122, "column": 8 }
      },
      "22": {
        "start": { "line": 124, "column": 4 },
        "end": { "line": 124, "column": 48 }
      },
      "23": {
        "start": { "line": 126, "column": 34 },
        "end": { "line": 138, "column": null }
      },
      "24": {
        "start": { "line": 128, "column": 29 },
        "end": { "line": 138, "column": 8 }
      },
      "25": {
        "start": { "line": 140, "column": 4 },
        "end": { "line": 140, "column": 42 }
      },
      "26": {
        "start": { "line": 142, "column": 36 },
        "end": { "line": 152, "column": null }
      },
      "27": {
        "start": { "line": 144, "column": 33 },
        "end": { "line": 152, "column": 8 }
      },
      "28": {
        "start": { "line": 154, "column": 4 },
        "end": { "line": 154, "column": 44 }
      },
      "29": {
        "start": { "line": 156, "column": 37 },
        "end": { "line": 166, "column": null }
      },
      "30": {
        "start": { "line": 158, "column": 35 },
        "end": { "line": 166, "column": 8 }
      },
      "31": {
        "start": { "line": 168, "column": 4 },
        "end": { "line": 168, "column": 45 }
      },
      "32": {
        "start": { "line": 170, "column": 38 },
        "end": { "line": 181, "column": null }
      },
      "33": {
        "start": { "line": 172, "column": 37 },
        "end": { "line": 181, "column": 8 }
      },
      "34": {
        "start": { "line": 183, "column": 4 },
        "end": { "line": 183, "column": 46 }
      },
      "35": {
        "start": { "line": 185, "column": 4 },
        "end": { "line": 185, "column": 31 }
      },
      "36": {
        "start": { "line": 186, "column": 4 },
        "end": { "line": 186, "column": 50 }
      },
      "37": {
        "start": { "line": 190, "column": 0 },
        "end": { "line": 190, "column": 20 }
      }
    },
    "fnMap": {
      "0": {
        "name": "(anonymous_8)",
        "decl": {
          "start": { "line": 5, "column": 13 },
          "end": { "line": 5, "column": 20 }
        },
        "loc": {
          "start": { "line": 12, "column": 5 },
          "end": { "line": 188, "column": 2 }
        }
      },
      "1": {
        "name": "(anonymous_9)",
        "decl": {
          "start": { "line": 12, "column": 5 },
          "end": { "line": 12, "column": null }
        },
        "loc": {
          "start": { "line": 12, "column": 5 },
          "end": { "line": 188, "column": 1 }
        }
      },
      "2": {
        "name": "(anonymous_10)",
        "decl": {
          "start": { "line": 102, "column": 21 },
          "end": { "line": 102, "column": 22 }
        },
        "loc": {
          "start": { "line": 102, "column": 31 },
          "end": { "line": 111, "column": 8 }
        }
      },
      "3": {
        "name": "(anonymous_11)",
        "decl": {
          "start": { "line": 117, "column": 26 },
          "end": { "line": 117, "column": 27 }
        },
        "loc": {
          "start": { "line": 117, "column": 40 },
          "end": { "line": 122, "column": 8 }
        }
      },
      "4": {
        "name": "(anonymous_12)",
        "decl": {
          "start": { "line": 128, "column": 20 },
          "end": { "line": 128, "column": 21 }
        },
        "loc": {
          "start": { "line": 128, "column": 29 },
          "end": { "line": 138, "column": 8 }
        }
      },
      "5": {
        "name": "(anonymous_13)",
        "decl": {
          "start": { "line": 144, "column": 22 },
          "end": { "line": 144, "column": 23 }
        },
        "loc": {
          "start": { "line": 144, "column": 33 },
          "end": { "line": 152, "column": 8 }
        }
      },
      "6": {
        "name": "(anonymous_14)",
        "decl": {
          "start": { "line": 158, "column": 23 },
          "end": { "line": 158, "column": 24 }
        },
        "loc": {
          "start": { "line": 158, "column": 35 },
          "end": { "line": 166, "column": 8 }
        }
      },
      "7": {
        "name": "(anonymous_15)",
        "decl": {
          "start": { "line": 172, "column": 24 },
          "end": { "line": 172, "column": 25 }
        },
        "loc": {
          "start": { "line": 172, "column": 37 },
          "end": { "line": 181, "column": 8 }
        }
      }
    },
    "branchMap": {},
    "s": {
      "0": 1,
      "1": 1,
      "2": 1,
      "3": 42,
      "4": 42,
      "5": 42,
      "6": 42,
      "7": 42,
      "8": 42,
      "9": 42,
      "10": 42,
      "11": 42,
      "12": 42,
      "13": 42,
      "14": 42,
      "15": 42,
      "16": 42,
      "17": 42,
      "18": 126,
      "19": 42,
      "20": 42,
      "21": 84,
      "22": 42,
      "23": 42,
      "24": 84,
      "25": 42,
      "26": 42,
      "27": 168,
      "28": 42,
      "29": 42,
      "30": 252,
      "31": 42,
      "32": 42,
      "33": 252,
      "34": 42,
      "35": 0,
      "36": 0,
      "37": 1
    },
    "f": {
      "0": 42,
      "1": 42,
      "2": 126,
      "3": 84,
      "4": 84,
      "5": 168,
      "6": 252,
      "7": 252
    },
    "b": {}
  },
  "/Users/tward/Desktop/Coding/aio-app-hub/feedback-app-be/errors/index.ts": {
    "path": "/Users/tward/Desktop/Coding/aio-app-hub/feedback-app-be/errors/index.ts",
    "statementMap": {
      "0": {
        "start": { "line": 9, "column": 33 },
        "end": { "line": 18, "column": 1 }
      },
      "1": {
        "start": { "line": 14, "column": 2 },
        "end": { "line": 14, "column": 49 }
      },
      "2": {
        "start": { "line": 15, "column": 27 },
        "end": { "line": 15, "column": 68 }
      },
      "3": {
        "start": { "line": 16, "column": 2 },
        "end": { "line": 16, "column": 19 }
      },
      "4": {
        "start": { "line": 17, "column": 2 },
        "end": { "line": 17, "column": 12 }
      },
      "5": {
        "start": { "line": 9, "column": 13 },
        "end": { "line": 9, "column": 33 }
      },
      "6": {
        "start": { "line": 20, "column": 32 },
        "end": { "line": 29, "column": 1 }
      },
      "7": {
        "start": { "line": 26, "column": 2 },
        "end": { "line": 28, "column": 19 }
      },
      "8": {
        "start": { "line": 27, "column": 4 },
        "end": { "line": 27, "column": 49 }
      },
      "9": {
        "start": { "line": 28, "column": 9 },
        "end": { "line": 28, "column": 19 }
      },
      "10": {
        "start": { "line": 20, "column": 13 },
        "end": { "line": 20, "column": 32 }
      },
      "11": {
        "start": { "line": 31, "column": 34 },
        "end": { "line": 40, "column": 1 }
      },
      "12": {
        "start": { "line": 37, "column": 2 },
        "end": { "line": 39, "column": 19 }
      },
      "13": {
        "start": { "line": 38, "column": 4 },
        "end": { "line": 38, "column": 50 }
      },
      "14": {
        "start": { "line": 39, "column": 9 },
        "end": { "line": 39, "column": 19 }
      },
      "15": {
        "start": { "line": 31, "column": 13 },
        "end": { "line": 31, "column": 34 }
      },
      "16": {
        "start": { "line": 42, "column": 34 },
        "end": { "line": 50, "column": 1 }
      },
      "17": {
        "start": { "line": 48, "column": 2 },
        "end": { "line": 48, "column": 52 }
      },
      "18": {
        "start": { "line": 49, "column": 2 },
        "end": { "line": 49, "column": 57 }
      },
      "19": {
        "start": { "line": 42, "column": 13 },
        "end": { "line": 42, "column": 34 }
      }
    },
    "fnMap": {
      "0": {
        "name": "(anonymous_0)",
        "decl": {
          "start": { "line": 9, "column": 33 },
          "end": { "line": 9, "column": null }
        },
        "loc": {
          "start": { "line": 13, "column": 4 },
          "end": { "line": 18, "column": 1 }
        }
      },
      "1": {
        "name": "(anonymous_1)",
        "decl": {
          "start": { "line": 20, "column": 32 },
          "end": { "line": 20, "column": null }
        },
        "loc": {
          "start": { "line": 25, "column": 4 },
          "end": { "line": 29, "column": 1 }
        }
      },
      "2": {
        "name": "(anonymous_2)",
        "decl": {
          "start": { "line": 31, "column": 34 },
          "end": { "line": 31, "column": null }
        },
        "loc": {
          "start": { "line": 36, "column": 4 },
          "end": { "line": 40, "column": 1 }
        }
      },
      "3": {
        "name": "(anonymous_3)",
        "decl": {
          "start": { "line": 42, "column": 34 },
          "end": { "line": 42, "column": null }
        },
        "loc": {
          "start": { "line": 47, "column": 4 },
          "end": { "line": 50, "column": 1 }
        }
      }
    },
    "branchMap": {
      "0": {
        "loc": {
          "start": { "line": 26, "column": 2 },
          "end": { "line": 28, "column": 19 }
        },
        "type": "if",
        "locations": [
          {
            "start": { "line": 26, "column": 2 },
            "end": { "line": 28, "column": 19 }
          },
          {
            "start": { "line": 28, "column": 9 },
            "end": { "line": 28, "column": 19 }
          }
        ]
      },
      "1": {
        "loc": {
          "start": { "line": 26, "column": 6 },
          "end": { "line": 26, "column": 74 }
        },
        "type": "binary-expr",
        "locations": [
          {
            "start": { "line": 26, "column": 6 },
            "end": { "line": 26, "column": 26 }
          },
          {
            "start": { "line": 26, "column": 30 },
            "end": { "line": 26, "column": 50 }
          },
          {
            "start": { "line": 26, "column": 54 },
            "end": { "line": 26, "column": 74 }
          }
        ]
      },
      "2": {
        "loc": {
          "start": { "line": 37, "column": 2 },
          "end": { "line": 39, "column": 19 }
        },
        "type": "if",
        "locations": [
          {
            "start": { "line": 37, "column": 2 },
            "end": { "line": 39, "column": 19 }
          },
          {
            "start": { "line": 39, "column": 9 },
            "end": { "line": 39, "column": 19 }
          }
        ]
      },
      "3": {
        "loc": {
          "start": { "line": 37, "column": 6 },
          "end": { "line": 37, "column": 27 }
        },
        "type": "binary-expr",
        "locations": [
          {
            "start": { "line": 37, "column": 6 },
            "end": { "line": 37, "column": 16 }
          },
          {
            "start": { "line": 37, "column": 20 },
            "end": { "line": 37, "column": 27 }
          }
        ]
      }
    },
    "s": {
      "0": 1,
      "1": 0,
      "2": 0,
      "3": 0,
      "4": 0,
      "5": 1,
      "6": 1,
      "7": 5,
      "8": 0,
      "9": 5,
      "10": 1,
      "11": 1,
      "12": 5,
      "13": 5,
      "14": 0,
      "15": 1,
      "16": 1,
      "17": 0,
      "18": 0,
      "19": 1
    },
    "f": { "0": 0, "1": 5, "2": 5, "3": 0 },
    "b": { "0": [0, 5], "1": [5, 5, 5], "2": [5, 0], "3": [5, 5] }
  },
  "/Users/tward/Desktop/Coding/aio-app-hub/feedback-app-be/models/apps-model.ts": {
    "path": "/Users/tward/Desktop/Coding/aio-app-hub/feedback-app-be/models/apps-model.ts",
    "statementMap": {
      "0": {
        "start": { "line": 1, "column": 0 },
        "end": { "line": 1, "column": 34 }
      },
      "1": {
        "start": { "line": 3, "column": 26 },
        "end": { "line": 29, "column": 2 }
      },
      "2": {
        "start": { "line": 3, "column": 37 },
        "end": { "line": 29, "column": 2 }
      },
      "3": {
        "start": { "line": 4, "column": 17 },
        "end": { "line": 24, "column": 6 }
      },
      "4": {
        "start": { "line": 25, "column": 2 },
        "end": { "line": 27, "column": 3 }
      },
      "5": {
        "start": { "line": 26, "column": 4 },
        "end": { "line": 26, "column": 65 }
      },
      "6": {
        "start": { "line": 28, "column": 2 },
        "end": { "line": 28, "column": 21 }
      },
      "7": {
        "start": { "line": 3, "column": 13 },
        "end": { "line": 3, "column": 26 }
      },
      "8": {
        "start": { "line": 31, "column": 29 },
        "end": { "line": 71, "column": 2 }
      },
      "9": {
        "start": { "line": 31, "column": 54 },
        "end": { "line": 71, "column": 2 }
      },
      "10": {
        "start": { "line": 32, "column": 17 },
        "end": { "line": 65, "column": null }
      },
      "11": {
        "start": { "line": 67, "column": 2 },
        "end": { "line": 69, "column": 3 }
      },
      "12": {
        "start": { "line": 68, "column": 4 },
        "end": { "line": 68, "column": 65 }
      },
      "13": {
        "start": { "line": 70, "column": 2 },
        "end": { "line": 70, "column": 24 }
      },
      "14": {
        "start": { "line": 31, "column": 13 },
        "end": { "line": 31, "column": 29 }
      },
      "15": {
        "start": { "line": 73, "column": 25 },
        "end": { "line": 130, "column": 2 }
      },
      "16": {
        "start": { "line": 81, "column": 4 },
        "end": { "line": 130, "column": 2 }
      },
      "17": {
        "start": { "line": 82, "column": 17 },
        "end": { "line": 127, "column": null }
      },
      "18": {
        "start": { "line": 129, "column": 2 },
        "end": { "line": 129, "column": 24 }
      },
      "19": {
        "start": { "line": 73, "column": 13 },
        "end": { "line": 73, "column": 25 }
      },
      "20": {
        "start": { "line": 132, "column": 29 },
        "end": { "line": 161, "column": 2 }
      },
      "21": {
        "start": { "line": 141, "column": 4 },
        "end": { "line": 161, "column": 2 }
      },
      "22": {
        "start": { "line": 142, "column": 17 },
        "end": { "line": 158, "column": null }
      },
      "23": {
        "start": { "line": 160, "column": 2 },
        "end": { "line": 160, "column": 24 }
      },
      "24": {
        "start": { "line": 132, "column": 13 },
        "end": { "line": 132, "column": 29 }
      }
    },
    "fnMap": {
      "0": {
        "name": "(anonymous_8)",
        "decl": {
          "start": { "line": 3, "column": 26 },
          "end": { "line": 3, "column": 35 }
        },
        "loc": {
          "start": { "line": 3, "column": 37 },
          "end": { "line": 29, "column": 2 }
        }
      },
      "1": {
        "name": "(anonymous_9)",
        "decl": {
          "start": { "line": 3, "column": 37 },
          "end": { "line": 3, "column": null }
        },
        "loc": {
          "start": { "line": 3, "column": 37 },
          "end": { "line": 29, "column": 1 }
        }
      },
      "2": {
        "name": "(anonymous_10)",
        "decl": {
          "start": { "line": 31, "column": 29 },
          "end": { "line": 31, "column": 36 }
        },
        "loc": {
          "start": { "line": 31, "column": 54 },
          "end": { "line": 71, "column": 2 }
        }
      },
      "3": {
        "name": "(anonymous_11)",
        "decl": {
          "start": { "line": 31, "column": 54 },
          "end": { "line": 31, "column": null }
        },
        "loc": {
          "start": { "line": 31, "column": 54 },
          "end": { "line": 71, "column": 1 }
        }
      },
      "4": {
        "name": "(anonymous_12)",
        "decl": {
          "start": { "line": 73, "column": 25 },
          "end": { "line": 73, "column": null }
        },
        "loc": {
          "start": { "line": 81, "column": 4 },
          "end": { "line": 130, "column": 2 }
        }
      },
      "5": {
        "name": "(anonymous_13)",
        "decl": {
          "start": { "line": 81, "column": 4 },
          "end": { "line": 81, "column": null }
        },
        "loc": {
          "start": { "line": 81, "column": 4 },
          "end": { "line": 130, "column": 1 }
        }
      },
      "6": {
        "name": "(anonymous_14)",
        "decl": {
          "start": { "line": 132, "column": 29 },
          "end": { "line": 132, "column": null }
        },
        "loc": {
          "start": { "line": 141, "column": 4 },
          "end": { "line": 161, "column": 2 }
        }
      },
      "7": {
        "name": "(anonymous_15)",
        "decl": {
          "start": { "line": 141, "column": 4 },
          "end": { "line": 141, "column": null }
        },
        "loc": {
          "start": { "line": 141, "column": 4 },
          "end": { "line": 161, "column": 1 }
        }
      }
    },
    "branchMap": {
      "0": {
        "loc": {
          "start": { "line": 25, "column": 2 },
          "end": { "line": 27, "column": 3 }
        },
        "type": "if",
        "locations": [
          {
            "start": { "line": 25, "column": 2 },
            "end": { "line": 27, "column": 3 }
          }
        ]
      },
      "1": {
        "loc": {
          "start": { "line": 67, "column": 2 },
          "end": { "line": 69, "column": 3 }
        },
        "type": "if",
        "locations": [
          {
            "start": { "line": 67, "column": 2 },
            "end": { "line": 69, "column": 3 }
          }
        ]
      },
      "2": {
        "loc": {
          "start": { "line": 126, "column": 6 },
          "end": { "line": 126, "column": 24 }
        },
        "type": "binary-expr",
        "locations": [
          {
            "start": { "line": 126, "column": 6 },
            "end": { "line": 126, "column": 16 }
          },
          {
            "start": { "line": 126, "column": 20 },
            "end": { "line": 126, "column": 24 }
          }
        ]
      }
    },
    "s": {
      "0": 1,
      "1": 1,
      "2": 1,
      "3": 1,
      "4": 1,
      "5": 0,
      "6": 1,
      "7": 1,
      "8": 1,
      "9": 7,
      "10": 7,
      "11": 7,
      "12": 2,
      "13": 5,
      "14": 1,
      "15": 1,
      "16": 1,
      "17": 1,
      "18": 1,
      "19": 1,
      "20": 1,
      "21": 1,
      "22": 1,
      "23": 1,
      "24": 1
    },
    "f": { "0": 1, "1": 1, "2": 7, "3": 7, "4": 1, "5": 1, "6": 1, "7": 1 },
    "b": { "0": [0], "1": [2], "2": [1, 0] }
  },
  "/Users/tward/Desktop/Coding/aio-app-hub/feedback-app-be/models/users-models.ts": {
    "path": "/Users/tward/Desktop/Coding/aio-app-hub/feedback-app-be/models/users-models.ts",
    "statementMap": {
      "0": {
        "start": { "line": 1, "column": 0 },
        "end": { "line": 1, "column": 34 }
      },
      "1": {
        "start": { "line": 4, "column": 27 },
        "end": { "line": 41, "column": 2 }
      },
      "2": {
        "start": { "line": 4, "column": 55 },
        "end": { "line": 41, "column": 2 }
      },
      "3": {
        "start": { "line": 5, "column": 17 },
        "end": { "line": 39, "column": 4 }
      },
      "4": {
        "start": { "line": 40, "column": 2 },
        "end": { "line": 40, "column": 31 }
      },
      "5": {
        "start": { "line": 4, "column": 13 },
        "end": { "line": 4, "column": 27 }
      },
      "6": {
        "start": { "line": 43, "column": 30 },
        "end": { "line": 91, "column": 2 }
      },
      "7": {
        "start": { "line": 43, "column": 71 },
        "end": { "line": 91, "column": 2 }
      },
      "8": {
        "start": { "line": 44, "column": 17 },
        "end": { "line": 85, "column": null }
      },
      "9": {
        "start": { "line": 87, "column": 2 },
        "end": { "line": 89, "column": 3 }
      },
      "10": {
        "start": { "line": 88, "column": 4 },
        "end": { "line": 88, "column": 66 }
      },
      "11": {
        "start": { "line": 90, "column": 2 },
        "end": { "line": 90, "column": 32 }
      },
      "12": {
        "start": { "line": 43, "column": 13 },
        "end": { "line": 43, "column": 30 }
      },
      "13": {
        "start": { "line": 93, "column": 26 },
        "end": { "line": 114, "column": 2 }
      },
      "14": {
        "start": { "line": 100, "column": 19 },
        "end": { "line": 114, "column": 2 }
      },
      "15": {
        "start": { "line": 101, "column": 17 },
        "end": { "line": 111, "column": null }
      },
      "16": {
        "start": { "line": 113, "column": 2 },
        "end": { "line": 113, "column": 32 }
      },
      "17": {
        "start": { "line": 93, "column": 13 },
        "end": { "line": 93, "column": 26 }
      },
      "18": {
        "start": { "line": 116, "column": 25 },
        "end": { "line": 182, "column": 2 }
      },
      "19": {
        "start": { "line": 124, "column": 19 },
        "end": { "line": 182, "column": 2 }
      },
      "20": {
        "start": { "line": 125, "column": 28 },
        "end": { "line": 125, "column": 30 }
      },
      "21": {
        "start": { "line": 126, "column": 24 },
        "end": { "line": 126, "column": 26 }
      },
      "22": {
        "start": { "line": 127, "column": 19 },
        "end": { "line": 127, "column": 20 }
      },
      "23": {
        "start": { "line": 129, "column": 2 },
        "end": { "line": 132, "column": 3 }
      },
      "24": {
        "start": { "line": 130, "column": 4 },
        "end": { "line": 130, "column": 48 }
      },
      "25": {
        "start": { "line": 131, "column": 4 },
        "end": { "line": 131, "column": 26 }
      },
      "26": {
        "start": { "line": 133, "column": 2 },
        "end": { "line": 136, "column": 3 }
      },
      "27": {
        "start": { "line": 134, "column": 4 },
        "end": { "line": 134, "column": 44 }
      },
      "28": {
        "start": { "line": 135, "column": 4 },
        "end": { "line": 135, "column": 22 }
      },
      "29": {
        "start": { "line": 137, "column": 2 },
        "end": { "line": 140, "column": 3 }
      },
      "30": {
        "start": { "line": 138, "column": 4 },
        "end": { "line": 138, "column": 45 }
      },
      "31": {
        "start": { "line": 139, "column": 4 },
        "end": { "line": 139, "column": 23 }
      },
      "32": {
        "start": { "line": 141, "column": 2 },
        "end": { "line": 144, "column": 3 }
      },
      "33": {
        "start": { "line": 142, "column": 4 },
        "end": { "line": 142, "column": 44 }
      },
      "34": {
        "start": { "line": 143, "column": 4 },
        "end": { "line": 143, "column": 22 }
      },
      "35": {
        "start": { "line": 145, "column": 2 },
        "end": { "line": 148, "column": 3 }
      },
      "36": {
        "start": { "line": 146, "column": 4 },
        "end": { "line": 146, "column": 48 }
      },
      "37": {
        "start": { "line": 147, "column": 4 },
        "end": { "line": 147, "column": 26 }
      },
      "38": {
        "start": { "line": 149, "column": 2 },
        "end": { "line": 152, "column": 3 }
      },
      "39": {
        "start": { "line": 150, "column": 4 },
        "end": { "line": 150, "column": 61 }
      },
      "40": {
        "start": { "line": 151, "column": 4 },
        "end": { "line": 151, "column": 28 }
      },
      "41": {
        "start": { "line": 154, "column": 2 },
        "end": { "line": 156, "column": 3 }
      },
      "42": {
        "start": { "line": 155, "column": 4 },
        "end": { "line": 155, "column": 71 }
      },
      "43": {
        "start": { "line": 158, "column": 2 },
        "end": { "line": 158, "column": 23 }
      },
      "44": {
        "start": { "line": 160, "column": 16 },
        "end": { "line": 173, "column": 4 }
      },
      "45": {
        "start": { "line": 175, "column": 17 },
        "end": { "line": 175, "column": 46 }
      },
      "46": {
        "start": { "line": 177, "column": 2 },
        "end": { "line": 179, "column": 3 }
      },
      "47": {
        "start": { "line": 178, "column": 4 },
        "end": { "line": 178, "column": 66 }
      },
      "48": {
        "start": { "line": 181, "column": 2 },
        "end": { "line": 181, "column": 32 }
      },
      "49": {
        "start": { "line": 116, "column": 13 },
        "end": { "line": 116, "column": 25 }
      }
    },
    "fnMap": {
      "0": {
        "name": "(anonymous_8)",
        "decl": {
          "start": { "line": 4, "column": 27 },
          "end": { "line": 4, "column": 53 }
        },
        "loc": {
          "start": { "line": 4, "column": 55 },
          "end": { "line": 41, "column": 2 }
        }
      },
      "1": {
        "name": "(anonymous_9)",
        "decl": {
          "start": { "line": 4, "column": 55 },
          "end": { "line": 4, "column": null }
        },
        "loc": {
          "start": { "line": 4, "column": 55 },
          "end": { "line": 41, "column": 1 }
        }
      },
      "2": {
        "name": "(anonymous_10)",
        "decl": {
          "start": { "line": 43, "column": 30 },
          "end": { "line": 43, "column": 37 }
        },
        "loc": {
          "start": { "line": 43, "column": 71 },
          "end": { "line": 91, "column": 2 }
        }
      },
      "3": {
        "name": "(anonymous_11)",
        "decl": {
          "start": { "line": 43, "column": 71 },
          "end": { "line": 43, "column": null }
        },
        "loc": {
          "start": { "line": 43, "column": 71 },
          "end": { "line": 91, "column": 1 }
        }
      },
      "4": {
        "name": "(anonymous_12)",
        "decl": {
          "start": { "line": 93, "column": 26 },
          "end": { "line": 93, "column": null }
        },
        "loc": {
          "start": { "line": 100, "column": 19 },
          "end": { "line": 114, "column": 2 }
        }
      },
      "5": {
        "name": "(anonymous_13)",
        "decl": {
          "start": { "line": 100, "column": 19 },
          "end": { "line": 100, "column": null }
        },
        "loc": {
          "start": { "line": 100, "column": 19 },
          "end": { "line": 114, "column": 1 }
        }
      },
      "6": {
        "name": "(anonymous_14)",
        "decl": {
          "start": { "line": 116, "column": 25 },
          "end": { "line": 116, "column": null }
        },
        "loc": {
          "start": { "line": 124, "column": 19 },
          "end": { "line": 182, "column": 2 }
        }
      },
      "7": {
        "name": "(anonymous_15)",
        "decl": {
          "start": { "line": 124, "column": 19 },
          "end": { "line": 124, "column": null }
        },
        "loc": {
          "start": { "line": 124, "column": 19 },
          "end": { "line": 182, "column": 1 }
        }
      }
    },
    "branchMap": {
      "0": {
        "loc": {
          "start": { "line": 87, "column": 2 },
          "end": { "line": 89, "column": 3 }
        },
        "type": "if",
        "locations": [
          {
            "start": { "line": 87, "column": 2 },
            "end": { "line": 89, "column": 3 }
          }
        ]
      },
      "1": {
        "loc": {
          "start": { "line": 129, "column": 2 },
          "end": { "line": 132, "column": 3 }
        },
        "type": "if",
        "locations": [
          {
            "start": { "line": 129, "column": 2 },
            "end": { "line": 132, "column": 3 }
          }
        ]
      },
      "2": {
        "loc": {
          "start": { "line": 133, "column": 2 },
          "end": { "line": 136, "column": 3 }
        },
        "type": "if",
        "locations": [
          {
            "start": { "line": 133, "column": 2 },
            "end": { "line": 136, "column": 3 }
          }
        ]
      },
      "3": {
        "loc": {
          "start": { "line": 137, "column": 2 },
          "end": { "line": 140, "column": 3 }
        },
        "type": "if",
        "locations": [
          {
            "start": { "line": 137, "column": 2 },
            "end": { "line": 140, "column": 3 }
          }
        ]
      },
      "4": {
        "loc": {
          "start": { "line": 141, "column": 2 },
          "end": { "line": 144, "column": 3 }
        },
        "type": "if",
        "locations": [
          {
            "start": { "line": 141, "column": 2 },
            "end": { "line": 144, "column": 3 }
          }
        ]
      },
      "5": {
        "loc": {
          "start": { "line": 145, "column": 2 },
          "end": { "line": 148, "column": 3 }
        },
        "type": "if",
        "locations": [
          {
            "start": { "line": 145, "column": 2 },
            "end": { "line": 148, "column": 3 }
          }
        ]
      },
      "6": {
        "loc": {
          "start": { "line": 149, "column": 2 },
          "end": { "line": 152, "column": 3 }
        },
        "type": "if",
        "locations": [
          {
            "start": { "line": 149, "column": 2 },
            "end": { "line": 152, "column": 3 }
          }
        ]
      },
      "7": {
        "loc": {
          "start": { "line": 154, "column": 2 },
          "end": { "line": 156, "column": 3 }
        },
        "type": "if",
        "locations": [
          {
            "start": { "line": 154, "column": 2 },
            "end": { "line": 156, "column": 3 }
          }
        ]
      },
      "8": {
        "loc": {
          "start": { "line": 177, "column": 2 },
          "end": { "line": 179, "column": 3 }
        },
        "type": "if",
        "locations": [
          {
            "start": { "line": 177, "column": 2 },
            "end": { "line": 179, "column": 3 }
          }
        ]
      }
    },
    "s": {
      "0": 1,
      "1": 1,
      "2": 1,
      "3": 1,
      "4": 1,
      "5": 1,
      "6": 1,
      "7": 25,
      "8": 25,
      "9": 25,
      "10": 4,
      "11": 21,
      "12": 1,
      "13": 1,
      "14": 2,
      "15": 2,
      "16": 2,
      "17": 1,
      "18": 1,
      "19": 8,
      "20": 8,
      "21": 8,
      "22": 8,
      "23": 8,
      "24": 2,
      "25": 2,
      "26": 8,
      "27": 2,
      "28": 2,
      "29": 8,
      "30": 2,
      "31": 2,
      "32": 8,
      "33": 2,
      "34": 2,
      "35": 8,
      "36": 2,
      "37": 2,
      "38": 8,
      "39": 2,
      "40": 2,
      "41": 8,
      "42": 1,
      "43": 7,
      "44": 7,
      "45": 7,
      "46": 7,
      "47": 0,
      "48": 7,
      "49": 1
    },
    "f": { "0": 1, "1": 1, "2": 25, "3": 25, "4": 2, "5": 2, "6": 8, "7": 8 },
    "b": {
      "0": [4],
      "1": [2],
      "2": [2],
      "3": [2],
      "4": [2],
      "5": [2],
      "6": [2],
      "7": [1],
      "8": [0]
    }
  },
  "/Users/tward/Desktop/Coding/aio-app-hub/feedback-app-be/routes/api-router.ts": {
    "path": "/Users/tward/Desktop/Coding/aio-app-hub/feedback-app-be/routes/api-router.ts",
    "statementMap": {
      "0": {
        "start": { "line": 1, "column": 0 },
        "end": { "line": 1, "column": 52 }
      },
      "1": {
        "start": { "line": 2, "column": 18 },
        "end": { "line": 2, "column": 26 }
      },
      "2": {
        "start": { "line": 3, "column": 0 },
        "end": { "line": 3, "column": 41 }
      },
      "3": {
        "start": { "line": 4, "column": 0 },
        "end": { "line": 4, "column": 39 }
      },
      "4": {
        "start": { "line": 5, "column": 0 },
        "end": { "line": 5, "column": 42 }
      },
      "5": {
        "start": { "line": 7, "column": 0 },
        "end": { "line": 9, "column": 3 }
      },
      "6": {
        "start": { "line": 8, "column": 2 },
        "end": { "line": 8, "column": 38 }
      },
      "7": {
        "start": { "line": 11, "column": 0 },
        "end": { "line": 11, "column": 37 }
      },
      "8": {
        "start": { "line": 12, "column": 0 },
        "end": { "line": 12, "column": 35 }
      },
      "9": {
        "start": { "line": 14, "column": 0 },
        "end": { "line": 14, "column": 25 }
      }
    },
    "fnMap": {
      "0": {
        "name": "(anonymous_1)",
        "decl": {
          "start": { "line": 7, "column": 19 },
          "end": { "line": 7, "column": 20 }
        },
        "loc": {
          "start": { "line": 7, "column": 51 },
          "end": { "line": 9, "column": 1 }
        }
      }
    },
    "branchMap": {},
    "s": {
      "0": 1,
      "1": 1,
      "2": 1,
      "3": 1,
      "4": 1,
      "5": 1,
      "6": 1,
      "7": 1,
      "8": 1,
      "9": 1
    },
    "f": { "0": 1 },
    "b": {}
  },
  "/Users/tward/Desktop/Coding/aio-app-hub/feedback-app-be/routes/apps-router.ts": {
    "path": "/Users/tward/Desktop/Coding/aio-app-hub/feedback-app-be/routes/apps-router.ts",
    "statementMap": {
      "0": {
        "start": { "line": 1, "column": 0 },
        "end": { "line": 1, "column": 33 }
      },
      "1": {
        "start": { "line": 2, "column": 19 },
        "end": { "line": 2, "column": 27 }
      },
      "2": {
        "start": { "line": 3, "column": 0 },
        "end": { "line": 3, "column": null }
      },
      "3": {
        "start": { "line": 10, "column": 0 },
        "end": { "line": 10, "column": 29 }
      },
      "4": {
        "start": { "line": 11, "column": 0 },
        "end": { "line": 11, "column": 39 }
      },
      "5": {
        "start": { "line": 12, "column": 0 },
        "end": { "line": 12, "column": 32 }
      },
      "6": {
        "start": { "line": 13, "column": 0 },
        "end": { "line": 13, "column": 40 }
      },
      "7": {
        "start": { "line": 15, "column": 0 },
        "end": { "line": 15, "column": 26 }
      }
    },
    "fnMap": {},
    "branchMap": {},
    "s": { "0": 1, "1": 1, "2": 1, "3": 1, "4": 1, "5": 1, "6": 1, "7": 1 },
    "f": {},
    "b": {}
  },
  "/Users/tward/Desktop/Coding/aio-app-hub/feedback-app-be/routes/users-router.ts": {
    "path": "/Users/tward/Desktop/Coding/aio-app-hub/feedback-app-be/routes/users-router.ts",
    "statementMap": {
      "0": {
        "start": { "line": 1, "column": 0 },
        "end": { "line": 1, "column": 33 }
      },
      "1": {
        "start": { "line": 2, "column": 20 },
        "end": { "line": 2, "column": 28 }
      },
      "2": {
        "start": { "line": 3, "column": 0 },
        "end": { "line": 3, "column": null }
      },
      "3": {
        "start": { "line": 10, "column": 0 },
        "end": { "line": 10, "column": 31 }
      },
      "4": {
        "start": { "line": 11, "column": 0 },
        "end": { "line": 11, "column": 42 }
      },
      "5": {
        "start": { "line": 12, "column": 0 },
        "end": { "line": 12, "column": 34 }
      },
      "6": {
        "start": { "line": 13, "column": 0 },
        "end": { "line": 13, "column": 43 }
      },
      "7": {
        "start": { "line": 15, "column": 0 },
        "end": { "line": 15, "column": 27 }
      }
    },
    "fnMap": {},
    "branchMap": {},
    "s": { "0": 1, "1": 1, "2": 1, "3": 1, "4": 1, "5": 1, "6": 1, "7": 1 },
    "f": {},
    "b": {}
  }
}
