TN:
SF:app.ts
FN:17,(anonymous_8)
FN:21,(anonymous_9)
FN:21,(anonymous_10)
FNF:3
FNH:3
FNDA:1,(anonymous_8)
FNDA:1,(anonymous_9)
FNDA:1,(anonymous_10)
DA:1,1
DA:2,1
DA:3,1
DA:5,1
DA:6,1
DA:12,1
DA:14,1
DA:15,1
DA:17,1
DA:18,1
DA:21,1
DA:22,1
DA:23,1
DA:25,1
DA:27,1
DA:28,1
DA:31,1
DA:32,1
DA:37,1
DA:61,1
DA:63,0
DA:66,0
DA:67,0
DA:71,0
DA:81,1
DA:82,1
DA:83,1
DA:84,1
DA:85,1
DA:87,1
LF:30
LH:26
BRDA:28,0,0,1
BRDA:28,0,1,1
BRDA:28,0,2,1
BRDA:42,1,0,1
BRDA:42,1,1,0
BRDA:75,2,0,0
BRDA:75,2,1,0
BRF:7
BRH:4
end_of_record
TN:
SF:controllers/apps-controller.ts
FN:12,(anonymous_8)
FN:16,(anonymous_9)
FN:25,(anonymous_10)
FN:29,(anonymous_11)
FN:42,(anonymous_12)
FN:46,(anonymous_13)
FN:108,(anonymous_14)
FN:112,(anonymous_15)
FNF:8
FNH:8
FNDA:1,(anonymous_8)
FNDA:1,(anonymous_9)
FNDA:3,(anonymous_10)
FNDA:3,(anonymous_11)
FNDA:6,(anonymous_12)
FNDA:6,(anonymous_13)
FNDA:7,(anonymous_14)
FNDA:7,(anonymous_15)
DA:2,1
DA:8,1
DA:9,1
DA:12,1
DA:16,1
DA:17,1
DA:18,1
DA:19,1
DA:21,0
DA:25,1
DA:29,3
DA:30,3
DA:31,3
DA:32,3
DA:33,1
DA:35,2
DA:36,1
DA:38,1
DA:42,1
DA:46,6
DA:55,6
DA:56,6
DA:57,6
DA:65,1
DA:67,5
DA:68,1
DA:71,4
DA:72,4
DA:73,3
DA:74,1
DA:79,1
DA:80,1
DA:82,0
DA:85,2
DA:89,2
DA:90,1
DA:93,1
DA:102,1
DA:104,0
DA:108,1
DA:112,7
DA:113,7
DA:122,7
DA:123,7
DA:124,7
DA:125,1
DA:127,6
DA:128,1
DA:132,5
DA:137,4
DA:138,4
DA:139,0
DA:143,4
DA:144,4
DA:145,3
DA:146,1
DA:152,2
DA:153,1
DA:158,1
DA:159,1
DA:161,0
DA:165,1
DA:166,1
DA:170,1
DA:171,0
DA:175,1
DA:185,1
DA:187,1
LF:68
LH:62
BRDA:32,0,0,1
BRDA:57,1,0,1
BRDA:58,2,0,6
BRDA:58,2,1,5
BRDA:58,2,2,5
BRDA:58,2,3,5
BRDA:58,2,4,5
BRDA:58,2,5,5
BRDA:67,3,0,1
BRDA:73,4,0,1
BRDA:79,5,0,1
BRDA:89,6,0,1
BRDA:124,7,0,1
BRDA:127,8,0,1
BRDA:137,9,0,4
BRDA:138,10,0,0
BRDA:145,11,0,1
BRDA:152,12,0,1
BRDA:158,13,0,1
BRDA:165,14,0,1
BRDA:170,15,0,0
BRF:21
BRH:19
end_of_record
TN:
SF:controllers/users-controller.ts
FN:9,(anonymous_7)
FN:13,(anonymous_8)
FN:22,(anonymous_9)
FN:26,(anonymous_10)
FN:39,(anonymous_11)
FN:43,(anonymous_12)
FN:63,(anonymous_13)
FN:67,(anonymous_14)
FNF:8
FNH:8
FNDA:1,(anonymous_7)
FNDA:1,(anonymous_8)
FNDA:9,(anonymous_9)
FNDA:9,(anonymous_10)
FNDA:8,(anonymous_11)
FNDA:8,(anonymous_12)
FNDA:10,(anonymous_13)
FNDA:10,(anonymous_14)
DA:2,1
DA:9,1
DA:13,1
DA:14,1
DA:15,1
DA:16,1
DA:18,0
DA:22,1
DA:26,9
DA:27,9
DA:28,9
DA:29,9
DA:30,1
DA:32,8
DA:33,7
DA:35,1
DA:39,1
DA:43,8
DA:44,8
DA:45,8
DA:46,8
DA:47,6
DA:49,2
DA:57,2
DA:59,0
DA:63,1
DA:67,10
DA:68,10
DA:69,10
DA:71,10
DA:72,1
DA:75,9
DA:77,8
DA:83,8
DA:93,7
DA:95,2
LF:36
LH:34
BRDA:29,0,0,1
BRDA:46,1,0,6
BRDA:46,2,0,8
BRDA:46,2,1,6
BRDA:46,2,2,5
BRDA:46,2,3,4
BRDA:46,2,4,3
BRDA:71,3,0,1
BRF:8
BRH:8
end_of_record
TN:
SF:db/connection.ts
FNF:0
FNH:0
DA:1,1
DA:3,1
DA:4,1
DA:5,1
DA:7,1
DA:8,0
DA:12,1
DA:16,1
DA:20,1
DA:21,0
DA:24,1
DA:26,1
DA:27,0
DA:28,0
DA:31,1
LF:15
LH:11
BRDA:5,0,0,1
BRDA:5,0,1,0
BRDA:7,1,0,0
BRDA:12,2,0,1
BRDA:12,2,1,0
BRDA:20,3,0,0
BRDA:20,4,0,1
BRDA:20,4,1,0
BRDA:26,5,0,0
BRF:9
BRH:3
end_of_record
TN:
SF:db/data/test-data/apps-data.ts
FNF:0
FNH:0
DA:3,1
LF:1
LH:1
BRF:0
BRH:0
end_of_record
TN:
SF:db/data/test-data/categories-data.ts
FNF:0
FNH:0
DA:3,1
LF:1
LH:1
BRF:0
BRH:0
end_of_record
TN:
SF:db/data/test-data/comments-data.ts
FNF:0
FNH:0
DA:3,1
LF:1
LH:1
BRF:0
BRH:0
end_of_record
TN:
SF:db/data/test-data/index.ts
FNF:0
FNH:0
DA:1,1
DA:2,1
DA:3,1
DA:4,1
DA:5,1
DA:6,1
DA:8,1
DA:9,1
DA:10,1
DA:11,1
DA:12,1
DA:13,1
LF:12
LH:12
BRF:0
BRH:0
end_of_record
TN:
SF:db/data/test-data/issues-data.ts
FNF:0
FNH:0
DA:3,1
LF:1
LH:1
BRF:0
BRH:0
end_of_record
TN:
SF:db/data/test-data/ratings-data.ts
FNF:0
FNH:0
DA:3,1
LF:1
LH:1
BRF:0
BRH:0
end_of_record
TN:
SF:db/data/test-data/users-data.ts
FNF:0
FNH:0
DA:3,1
LF:1
LH:1
BRF:0
BRH:0
end_of_record
TN:
SF:db/seeds/seed.ts
FN:5,(anonymous_8)
FN:12,(anonymous_9)
FN:102,(anonymous_10)
FN:117,(anonymous_11)
FN:128,(anonymous_12)
FN:144,(anonymous_13)
FN:158,(anonymous_14)
FN:172,(anonymous_15)
FNF:8
FNH:8
FNDA:42,(anonymous_8)
FNDA:42,(anonymous_9)
FNDA:126,(anonymous_10)
FNDA:84,(anonymous_11)
FNDA:84,(anonymous_12)
FNDA:168,(anonymous_13)
FNDA:252,(anonymous_14)
FNDA:252,(anonymous_15)
DA:1,1
DA:2,1
DA:5,1
DA:12,42
DA:13,42
DA:14,42
DA:15,42
DA:16,42
DA:17,42
DA:18,42
DA:19,42
DA:21,42
DA:35,42
DA:45,42
DA:60,42
DA:73,42
DA:86,42
DA:100,42
DA:102,126
DA:113,42
DA:115,42
DA:117,84
DA:124,42
DA:126,42
DA:128,84
DA:140,42
DA:142,42
DA:144,168
DA:154,42
DA:156,42
DA:158,252
DA:168,42
DA:170,42
DA:172,252
DA:183,42
DA:185,0
DA:186,0
DA:190,1
LF:38
LH:36
BRF:0
BRH:0
end_of_record
TN:
SF:errors/index.ts
FN:9,(anonymous_0)
FN:20,(anonymous_1)
FN:31,(anonymous_2)
FN:42,(anonymous_3)
FNF:4
FNH:2
FNDA:0,(anonymous_0)
FNDA:5,(anonymous_1)
FNDA:5,(anonymous_2)
FNDA:0,(anonymous_3)
DA:9,1
DA:14,0
DA:15,0
DA:16,0
DA:17,0
DA:20,1
DA:26,5
DA:27,0
DA:28,5
DA:31,1
DA:37,5
DA:38,5
DA:39,0
DA:42,1
DA:48,0
DA:49,0
LF:16
LH:8
BRDA:26,0,0,0
BRDA:26,0,1,5
BRDA:26,1,0,5
BRDA:26,1,1,5
BRDA:26,1,2,5
BRDA:37,2,0,5
BRDA:37,2,1,0
BRDA:37,3,0,5
BRDA:37,3,1,5
BRF:9
BRH:7
end_of_record
TN:
SF:models/apps-model.ts
FN:3,(anonymous_8)
FN:3,(anonymous_9)
FN:31,(anonymous_10)
FN:31,(anonymous_11)
FN:73,(anonymous_12)
FN:81,(anonymous_13)
FN:132,(anonymous_14)
FN:141,(anonymous_15)
FNF:8
FNH:8
FNDA:1,(anonymous_8)
FNDA:1,(anonymous_9)
FNDA:7,(anonymous_10)
FNDA:7,(anonymous_11)
FNDA:1,(anonymous_12)
FNDA:1,(anonymous_13)
FNDA:1,(anonymous_14)
FNDA:1,(anonymous_15)
DA:1,1
DA:3,1
DA:4,1
DA:25,1
DA:26,0
DA:28,1
DA:31,7
DA:32,7
DA:67,7
DA:68,2
DA:70,5
DA:73,1
DA:81,1
DA:82,1
DA:129,1
DA:132,1
DA:141,1
DA:142,1
DA:160,1
LF:19
LH:18
BRDA:25,0,0,0
BRDA:67,1,0,2
BRDA:126,2,0,1
BRDA:126,2,1,0
BRF:4
BRH:2
end_of_record
TN:
SF:models/users-models.ts
FN:4,(anonymous_8)
FN:4,(anonymous_9)
FN:43,(anonymous_10)
FN:43,(anonymous_11)
FN:93,(anonymous_12)
FN:100,(anonymous_13)
FN:116,(anonymous_14)
FN:124,(anonymous_15)
FNF:8
FNH:8
FNDA:1,(anonymous_8)
FNDA:1,(anonymous_9)
FNDA:25,(anonymous_10)
FNDA:25,(anonymous_11)
FNDA:2,(anonymous_12)
FNDA:2,(anonymous_13)
FNDA:8,(anonymous_14)
FNDA:8,(anonymous_15)
DA:1,1
DA:4,1
DA:5,1
DA:40,1
DA:43,25
DA:44,25
DA:87,25
DA:88,4
DA:90,21
DA:93,1
DA:100,2
DA:101,2
DA:113,2
DA:116,1
DA:124,8
DA:125,8
DA:126,8
DA:127,8
DA:129,8
DA:130,2
DA:131,2
DA:133,8
DA:134,2
DA:135,2
DA:137,8
DA:138,2
DA:139,2
DA:141,8
DA:142,2
DA:143,2
DA:145,8
DA:146,2
DA:147,2
DA:149,8
DA:150,2
DA:151,2
DA:154,8
DA:155,1
DA:158,7
DA:160,7
DA:175,7
DA:177,7
DA:178,0
DA:181,7
LF:44
LH:43
BRDA:87,0,0,4
BRDA:129,1,0,2
BRDA:133,2,0,2
BRDA:137,3,0,2
BRDA:141,4,0,2
BRDA:145,5,0,2
BRDA:149,6,0,2
BRDA:154,7,0,1
BRDA:177,8,0,0
BRF:9
BRH:8
end_of_record
TN:
SF:routes/api-router.ts
FN:7,(anonymous_1)
FNF:1
FNH:1
FNDA:1,(anonymous_1)
DA:1,1
DA:2,1
DA:3,1
DA:4,1
DA:5,1
DA:7,1
DA:8,1
DA:11,1
DA:12,1
DA:14,1
LF:10
LH:10
BRF:0
BRH:0
end_of_record
TN:
SF:routes/apps-router.ts
FNF:0
FNH:0
DA:1,1
DA:2,1
DA:3,1
DA:10,1
DA:11,1
DA:12,1
DA:13,1
DA:15,1
LF:8
LH:8
BRF:0
BRH:0
end_of_record
TN:
SF:routes/users-router.ts
FNF:0
FNH:0
DA:1,1
DA:2,1
DA:3,1
DA:10,1
DA:11,1
DA:12,1
DA:13,1
DA:15,1
LF:8
LH:8
BRF:0
BRH:0
end_of_record
